kotlin version: 2.1.0
error message: java.lang.OutOfMemoryError: GC overhead limit exceeded
	at java.base/java.util.LinkedHashMap.newNode(LinkedHashMap.java:281)
	at java.base/java.util.HashMap.putVal(HashMap.java:637)
	at java.base/java.util.HashMap.put(HashMap.java:618)
	at org.jetbrains.kotlin.backend.wasm.ir2wasm.WasmCompiledModuleFragment$ReferencableAndDefinable.define(WasmCompiledModuleFragment.kt:109)
	at org.jetbrains.kotlin.backend.wasm.ir2wasm.WasmFileCodegenContext.defineFunction(WasmModuleCodegenContext.kt:48)
	at org.jetbrains.kotlin.backend.wasm.ir2wasm.DeclarationGenerator.visitFunction(DeclarationGenerator.kt:170)
	at org.jetbrains.kotlin.ir.visitors.IrElementVisitorVoid$DefaultImpls.visitSimpleFunction(IrElementVisitorVoid.kt:148)
	at org.jetbrains.kotlin.backend.wasm.ir2wasm.DeclarationGenerator.visitSimpleFunction(DeclarationGenerator.kt:30)
	at org.jetbrains.kotlin.ir.visitors.IrElementVisitorVoid$DefaultImpls.visitSimpleFunction(IrElementVisitorVoid.kt:144)
	at org.jetbrains.kotlin.backend.wasm.ir2wasm.DeclarationGenerator.visitSimpleFunction(DeclarationGenerator.kt:30)
	at org.jetbrains.kotlin.backend.wasm.ir2wasm.DeclarationGenerator.visitSimpleFunction(DeclarationGenerator.kt:30)
	at org.jetbrains.kotlin.ir.declarations.IrSimpleFunction.accept(IrSimpleFunction.kt:39)
	at org.jetbrains.kotlin.ir.visitors.IrVisitorsKt.acceptVoid(IrVisitors.kt:11)
	at org.jetbrains.kotlin.backend.wasm.ir2wasm.WasmModuleFragmentGeneratorKt.compileIrFile(WasmModuleFragmentGenerator.kt:76)
	at org.jetbrains.kotlin.backend.wasm.ir2wasm.WasmModuleFragmentGeneratorKt.access$compileIrFile(WasmModuleFragmentGenerator.kt:1)
	at org.jetbrains.kotlin.backend.wasm.ir2wasm.WasmModuleFragmentGenerator.generateModuleAsSingleFileFragment(WasmModuleFragmentGenerator.kt:25)
	at org.jetbrains.kotlin.cli.js.K2JSCompiler.doExecute(K2JSCompiler.kt:488)
	at org.jetbrains.kotlin.cli.js.K2JSCompiler.doExecute(K2JSCompiler.kt:105)
	at org.jetbrains.kotlin.cli.common.CLICompiler.execImpl(CLICompiler.kt:102)
	at org.jetbrains.kotlin.cli.common.CLICompiler.exec(CLICompiler.kt:316)
	at org.jetbrains.kotlin.daemon.CompileServiceImpl.compile(CompileServiceImpl.kt:1554)
	at java.base/java.lang.invoke.LambdaForm$DMH/0x000000b0010a4800.invokeInterface(LambdaForm$DMH)
	at java.base/java.lang.invoke.LambdaForm$MH/0x000000b0010a8c00.invoke(LambdaForm$MH)
	at java.base/java.lang.invoke.Invokers$Holder.invokeExact_MT(Invokers$Holder)
	at java.base/jdk.internal.reflect.DirectMethodHandleAccessor.invokeImpl(DirectMethodHandleAccessor.java:157)
	at java.base/jdk.internal.reflect.DirectMethodHandleAccessor.invoke(DirectMethodHandleAccessor.java:103)
	at java.base/java.lang.reflect.Method.invoke(Method.java:580)
	at java.rmi/sun.rmi.server.UnicastServerRef.dispatch(UnicastServerRef.java:360)
	at java.rmi/sun.rmi.transport.Transport$1.run(Transport.java:200)
	at java.rmi/sun.rmi.transport.Transport$1.run(Transport.java:197)
	at java.base/java.security.AccessController.executePrivileged(AccessController.java:809)
	at java.base/java.security.AccessController.doPrivileged(AccessController.java:714)


